# JRE version: Java(TM) SE Runtime Environment (17.0.1+12) (build 17.0.1+12-LTS-39)
# Java VM: Java HotSpot(TM) 64-Bit Server VM (17.0.1+12-LTS-39, mixed mode, emulated-client, tiered, compressed oops, compressed class ptrs, g1 gc, windows-amd64)
GC Precious Log:
 CPUs: 4 total, 4 available
 Memory: 3790M
 Large Page Support: Disabled
 NUMA Support: Disabled
 Compressed Oops: Enabled (32-bit)
 Heap Region Size: 1M
 Heap Min Capacity: 8M
 Heap Initial Capacity: 60M
 Heap Max Capacity: 948M
 Pre-touch: Disabled
 Parallel Workers: 4
 Concurrent Workers: 1
 Concurrent Refinement Workers: 4
 Periodic GC: Disabled
Heap:
 garbage-first heap   total 81920K, used 24592K [0x00000000c4c00000, 0x0000000100000000)
  region size 1024K, 3 young (3072K), 3 survivors (3072K)
 Metaspace       used 53615K, committed 54080K, reserved 1097728K
  class space    used 7060K, committed 7296K, reserved 1048576K
GC Heap History (20 events):
Event: 1.691 GC heap after
{Heap after GC invocations=6 (full 0):
 garbage-first heap   total 40960K, used 11747K [0x00000000c4c00000, 0x0000000100000000)
  region size 1024K, 3 young (3072K), 3 survivors (3072K)
 Metaspace       used 24961K, committed 25280K, reserved 1073152K
  class space    used 3087K, committed 3200K, reserved 1048576K
}
Event: 1.805 GC heap before
{Heap before GC invocations=6 (full 0):
 garbage-first heap   total 40960K, used 26083K [0x00000000c4c00000, 0x0000000100000000)
  region size 1024K, 18 young (18432K), 3 survivors (3072K)
 Metaspace       used 27263K, committed 27584K, reserved 1073152K
  class space    used 3314K, committed 3456K, reserved 1048576K
}
Event: 1.809 GC heap after
{Heap after GC invocations=7 (full 0):
 garbage-first heap   total 40960K, used 13084K [0x00000000c4c00000, 0x0000000100000000)
  region size 1024K, 3 young (3072K), 3 survivors (3072K)
 Metaspace       used 27263K, committed 27584K, reserved 1073152K
  class space    used 3314K, committed 3456K, reserved 1048576K
}
Event: 1.813 GC heap before
{Heap before GC invocations=7 (full 0):
 garbage-first heap   total 40960K, used 27420K [0x00000000c4c00000, 0x0000000100000000)
  region size 1024K, 18 young (18432K), 3 survivors (3072K)
 Metaspace       used 27327K, committed 27584K, reserved 1073152K
  class space    used 3328K, committed 3456K, reserved 1048576K
}
Event: 1.815 GC heap after
{Heap after GC invocations=8 (full 0):
 garbage-first heap   total 40960K, used 13059K [0x00000000c4c00000, 0x0000000100000000)
  region size 1024K, 2 young (2048K), 2 survivors (2048K)
 Metaspace       used 27327K, committed 27584K, reserved 1073152K
  class space    used 3328K, committed 3456K, reserved 1048576K
}
Event: 1.819 GC heap before
{Heap before GC invocations=8 (full 0):
 garbage-first heap   total 40960K, used 28419K [0x00000000c4c00000, 0x0000000100000000)
  region size 1024K, 18 young (18432K), 2 survivors (2048K)
 Metaspace       used 27358K, committed 27712K, reserved 1073152K
  class space    used 3333K, committed 3520K, reserved 1048576K
}
Event: 1.820 GC heap after
{Heap after GC invocations=9 (full 0):
 garbage-first heap   total 81920K, used 13061K [0x00000000c4c00000, 0x0000000100000000)
  region size 1024K, 2 young (2048K), 2 survivors (2048K)
 Metaspace       used 27358K, committed 27712K, reserved 1073152K
  class space    used 3333K, committed 3520K, reserved 1048576K
}
Event: 1.853 GC heap before
{Heap before GC invocations=9 (full 0):
 garbage-first heap   total 81920K, used 59141K [0x00000000c4c00000, 0x0000000100000000)
  region size 1024K, 48 young (49152K), 2 survivors (2048K)
 Metaspace       used 27916K, committed 28224K, reserved 1081344K
  class space    used 3405K, committed 3584K, reserved 1048576K
}
Event: 1.854 GC heap after
{Heap after GC invocations=10 (full 0):
 garbage-first heap   total 81920K, used 13011K [0x00000000c4c00000, 0x0000000100000000)
  region size 1024K, 2 young (2048K), 2 survivors (2048K)
 Metaspace       used 27916K, committed 28224K, reserved 1081344K
  class space    used 3405K, committed 3584K, reserved 1048576K
}
Event: 1.926 GC heap before
{Heap before GC invocations=10 (full 0):
 garbage-first heap   total 81920K, used 59091K [0x00000000c4c00000, 0x0000000100000000)
  region size 1024K, 48 young (49152K), 2 survivors (2048K)
 Metaspace       used 29726K, committed 30080K, reserved 1081344K
  class space    used 3662K, committed 3840K, reserved 1048576K
}
Event: 1.928 GC heap after
{Heap after GC invocations=11 (full 0):
 garbage-first heap   total 81920K, used 13829K [0x00000000c4c00000, 0x0000000100000000)
  region size 1024K, 3 young (3072K), 3 survivors (3072K)
 Metaspace       used 29726K, committed 30080K, reserved 1081344K
  class space    used 3662K, committed 3840K, reserved 1048576K
}
Event: 2.666 GC heap before
{Heap before GC invocations=11 (full 0):
 garbage-first heap   total 81920K, used 58885K [0x00000000c4c00000, 0x0000000100000000)
  region size 1024K, 48 young (49152K), 3 survivors (3072K)
 Metaspace       used 34599K, committed 34944K, reserved 1081344K
  class space    used 4333K, committed 4544K, reserved 1048576K
}
Event: 2.671 GC heap after
{Heap after GC invocations=12 (full 0):
 garbage-first heap   total 81920K, used 17244K [0x00000000c4c00000, 0x0000000100000000)
  region size 1024K, 6 young (6144K), 6 survivors (6144K)
 Metaspace       used 34599K, committed 34944K, reserved 1081344K
  class space    used 4333K, committed 4544K, reserved 1048576K
}
Event: 2.825 GC heap before
{Heap before GC invocations=12 (full 0):
 garbage-first heap   total 81920K, used 25436K [0x00000000c4c00000, 0x0000000100000000)
  region size 1024K, 15 young (15360K), 6 survivors (6144K)
 Metaspace       used 35571K, committed 35968K, reserved 1081344K
  class space    used 4509K, committed 4672K, reserved 1048576K
}
Event: 2.834 GC heap after
{Heap after GC invocations=13 (full 0):
 garbage-first heap   total 81920K, used 18167K [0x00000000c4c00000, 0x0000000100000000)
  region size 1024K, 1 young (1024K), 1 survivors (1024K)
 Metaspace       used 35571K, committed 35968K, reserved 1081344K
  class space    used 4509K, committed 4672K, reserved 1048576K
}
Event: 3.688 GC heap before
{Heap before GC invocations=14 (full 0):
 garbage-first heap   total 68608K, used 58103K [0x00000000c4c00000, 0x0000000100000000)
  region size 1024K, 40 young (40960K), 1 survivors (1024K)
 Metaspace       used 41600K, committed 42048K, reserved 1089536K
  class space    used 5359K, committed 5568K, reserved 1048576K
}
Event: 3.697 GC heap after
{Heap after GC invocations=15 (full 0):
 garbage-first heap   total 68608K, used 21736K [0x00000000c4c00000, 0x0000000100000000)
  region size 1024K, 5 young (5120K), 5 survivors (5120K)
 Metaspace       used 41600K, committed 42048K, reserved 1089536K
  class space    used 5359K, committed 5568K, reserved 1048576K
}
Event: 4.318 GC heap before
{Heap before GC invocations=15 (full 0):
 garbage-first heap   total 68608K, used 52456K [0x00000000c4c00000, 0x0000000100000000)
  region size 1024K, 35 young (35840K), 5 survivors (5120K)
 Metaspace       used 47085K, committed 47488K, reserved 1097728K
  class space    used 6202K, committed 6400K, reserved 1048576K
}
Event: 4.326 GC heap after
{Heap after GC invocations=16 (full 0):
 garbage-first heap   total 68608K, used 23275K [0x00000000c4c00000, 0x0000000100000000)
  region size 1024K, 2 young (2048K), 2 survivors (2048K)
 Metaspace       used 47085K, committed 47488K, reserved 1097728K
  class space    used 6202K, committed 6400K, reserved 1048576K
}
Event: 5.631 GC heap before
{Heap before GC invocations=16 (full 0):
 garbage-first heap   total 68608K, used 52971K [0x00000000c4c00000, 0x0000000100000000)
  region size 1024K, 31 young (31744K), 2 survivors (2048K)
 Metaspace       used 53615K, committed 54080K, reserved 1097728K
  class space    used 7060K, committed 7296K, reserved 1048576K
}

